<?xml version="1.0" encoding="UTF-8"?>
<robot generator="Robot 5.0.1 (Python 3.7.5 on win32)" generated="20220909 18:40:32.931" rpa="false" schemaversion="3">
<suite id="s1" name="Robot" source="C:\Users\boome\Documents\GitHub\robo-rpaframework\packages\dialogs\tests\robot">
<status status="SKIP" starttime="20220909 18:40:32.933" endtime="20220909 18:40:32.958"/>
</suite>
<statistics>
<total>
<stat pass="0" fail="0" skip="0">All Tests</stat>
</total>
<tag>
</tag>
<suite>
<stat pass="0" fail="0" skip="0" id="s1" name="Robot">Robot</stat>
</suite>
</statistics>
<errors>
</errors>
</robot>
