<?xml version="1.0" encoding="UTF-8"?>
<robot generator="Robot 5.0.1 (Python 3.9.13 on win32)" generated="20230814 17:54:20.207" rpa="false" schemaversion="3">
<suite id="s1" name="Robot" source="E:\koodi\repos\rpaframework\packages\assistant\tests\robot">
<status status="SKIP" starttime="20230814 17:54:20.208" endtime="20230814 17:54:20.221"/>
</suite>
<statistics>
<total>
<stat pass="0" fail="0" skip="0">All Tests</stat>
</total>
<tag>
</tag>
<suite>
<stat pass="0" fail="0" skip="0" id="s1" name="Robot">Robot</stat>
</suite>
</statistics>
<errors>
</errors>
</robot>
