<?xml version="1.0" encoding="UTF-8"?>
<robot generator="Robot 5.0.1 (Python 3.7.5 on win32)" generated="20220909 18:32:55.500" rpa="false" schemaversion="3">
<suite id="s1" name="Robot" source="C:\Users\boome\Documents\GitHub\robo-rpaframework\packages\windows\tests\robot">
<suite id="s1-s1" name="Test Windows" source="C:\Users\boome\Documents\GitHub\robo-rpaframework\packages\windows\tests\robot\test_windows.robot">
<test id="s1-s1-t1" name="Notepad write text into a file" line="161">
<kw name="Set Wait Time" library="RPA.Windows" type="SETUP">
<arg>0.7</arg>
<doc>Set library wait time for action keywords.</doc>
<msg timestamp="20220909 18:32:55.727" level="TRACE">Arguments: [ 0.7 ]</msg>
<msg timestamp="20220909 18:32:55.727" level="TRACE">Return: 0.5</msg>
<status status="PASS" starttime="20220909 18:32:55.727" endtime="20220909 18:32:55.728"/>
</kw>
<kw name="Windows Run" library="RPA.Windows">
<arg>notepad</arg>
<tag>window</tag>
<doc>Use Windows run window to launch application.</doc>
<msg timestamp="20220909 18:32:55.728" level="TRACE">Arguments: [ 'notepad' ]</msg>
<msg timestamp="20220909 18:32:55.728" level="INFO">Sending keys '{Win}r' to element &lt;module 'uiautomation' from 'C:\\Users\\boome\\Documents\\GitHub\\robo-rpaframework\\packages\\windows\\.venv\\lib\\site-packages\\uiautomation\\__init__.py'&gt;</msg>
<msg timestamp="20220909 18:32:56.494" level="INFO">Sending keys 'notepad' to element &lt;module 'uiautomation' from 'C:\\Users\\boome\\Documents\\GitHub\\robo-rpaframework\\packages\\windows\\.venv\\lib\\site-packages\\uiautomation\\__init__.py'&gt;</msg>
<msg timestamp="20220909 18:32:57.304" level="INFO">Sending keys '{Enter}' to element &lt;module 'uiautomation' from 'C:\\Users\\boome\\Documents\\GitHub\\robo-rpaframework\\packages\\windows\\.venv\\lib\\site-packages\\uiautomation\\__init__.py'&gt;</msg>
<msg timestamp="20220909 18:33:01.051" level="TRACE">Return: None</msg>
<status status="PASS" starttime="20220909 18:32:55.728" endtime="20220909 18:33:01.051"/>
</kw>
<kw name="Control Window" library="RPA.Windows">
<arg>subname:"- Notepad"</arg>
<tag>window</tag>
<doc>Controls the window defined by the locator.</doc>
<msg timestamp="20220909 18:33:01.052" level="TRACE">Arguments: [ 'subname:"- Notepad"' ]</msg>
<msg timestamp="20220909 18:33:01.204" level="INFO">Getting element with locator: subname:"- Notepad" and type:WindowControl</msg>
<msg timestamp="20220909 18:33:01.204" level="DEBUG">argument root = ControlType: PaneControl    ClassName: #32769    AutomationId:     Rect: (0,0,3840,2160)[3840x2160]    Name: 'Desktop 1'    Handle: 0x10010(65552)</msg>
<msg timestamp="20220909 18:33:01.204" level="DEBUG">active anchor = None</msg>
<msg timestamp="20220909 18:33:01.204" level="DEBUG">active window = None</msg>
<msg timestamp="20220909 18:33:01.205" level="DEBUG">resulting root = ControlType: PaneControl    ClassName: #32769    AutomationId:     Rect: (0,0,3840,2160)[3840x2160]    Name: 'Desktop 1'    Handle: 0x10010(65552)</msg>
<msg timestamp="20220909 18:33:01.205" level="INFO">Root element: &lt;uiautomation.uiautomation.PaneControl object at 0x0000026D74B98408&gt;</msg>
<msg timestamp="20220909 18:33:01.205" level="INFO">Locator 'subname:"- Notepad" and type:WindowControl' produced matcher: MatchObject(locators=[('SubName', '- Notepad', 0), ('ControlType', 'WindowControl', 0)], _classes=set(), max_level=0)</msg>
<msg timestamp="20220909 18:33:01.307" level="INFO">Returning element: WindowsElement(item=&lt;uiautomation.uiautomation.WindowControl object at 0x0000026D74DC7B48&gt;, locator='subname:"- Notepad" and type:WindowControl', name='Untitled - Notepad', automation_id='', control_type='WindowControl', class_name='Notepad', left=258, right=3389, top=258, bottom=1529, width=3131, height=1271, xcenter=1823, ycenter=893)</msg>
<msg timestamp="20220909 18:33:01.817" level="TRACE">Return: WindowsElement(item=&lt;uiautomation.uiautomation.WindowControl object at 0x0000026D74DC7B48&gt;, locator='subname:"- Notepad" and type:WindowControl', name='Untitled - Notepad', automation_id='', control_type='WindowControl', class_name='Notepad', left=258, right=3389, top=258, bottom=1529, width=3131, height=1271, xcenter=1823, ycenter=893)</msg>
<status status="PASS" starttime="20220909 18:33:01.052" endtime="20220909 18:33:01.817"/>
</kw>
<kw name="Get Os Version" library="RPA.Windows">
<var>${ver}</var>
<tag>window</tag>
<doc>Returns the current Windows major version as string.</doc>
<msg timestamp="20220909 18:33:01.818" level="TRACE">Arguments: [  ]</msg>
<msg timestamp="20220909 18:33:01.818" level="TRACE">Return: '11'</msg>
<msg timestamp="20220909 18:33:01.818" level="INFO">${ver} = 11</msg>
<status status="PASS" starttime="20220909 18:33:01.818" endtime="20220909 18:33:01.818"/>
</kw>
<if>
<branch type="IF" condition="&quot;${ver}&quot; == &quot;11&quot;">
<kw name="Click" library="RPA.Windows">
<arg>Edit</arg>
<arg>wait_time=0.5</arg>
<tag>action</tag>
<tag>mouse</tag>
<doc>Mouse click on element matching given locator.</doc>
<msg timestamp="20220909 18:33:01.820" level="TRACE">Arguments: [ 'Edit' | wait_time=0.5 ]</msg>
<msg timestamp="20220909 18:33:01.820" level="INFO">Getting element with locator: Edit</msg>
<msg timestamp="20220909 18:33:01.836" level="DEBUG">argument root = None</msg>
<msg timestamp="20220909 18:33:01.837" level="DEBUG">active anchor = None</msg>
<msg timestamp="20220909 18:33:01.841" level="DEBUG">active window = ControlType: WindowControl    ClassName: Notepad    AutomationId:     Rect: (258,258,3389,1529)[3131x1271]    Name: 'Untitled - Notepad'    Handle: 0x490D2E(4787502)</msg>
<msg timestamp="20220909 18:33:01.846" level="DEBUG">resulting root = ControlType: WindowControl    ClassName: Notepad    AutomationId:     Rect: (258,258,3389,1529)[3131x1271]    Name: 'Untitled - Notepad'    Handle: 0x490D2E(4787502)</msg>
<msg timestamp="20220909 18:33:01.846" level="INFO">Root element: &lt;uiautomation.uiautomation.WindowControl object at 0x0000026D74DC7B48&gt;</msg>
<msg timestamp="20220909 18:33:01.846" level="DEBUG">No locator strategy found. (assuming 'name')</msg>
<msg timestamp="20220909 18:33:01.846" level="INFO">Locator 'Edit' produced matcher: MatchObject(locators=[('Name', 'Edit', 0)], _classes=set(), max_level=0)</msg>
<msg timestamp="20220909 18:33:01.860" level="INFO">Returning element: WindowsElement(item=&lt;uiautomation.uiautomation.MenuItemControl object at 0x0000026D74B69288&gt;, locator='Edit', name='Edit', automation_id='', control_type='MenuItemControl', class_name='Microsoft.UI.Xaml.Controls.MenuBarItem', left=347, right=413, top=312, bottom=360, width=66, height=48, xcenter=380, ycenter=336)</msg>
<msg timestamp="20220909 18:33:01.861" level="DEBUG">Click-ing element</msg>
<msg timestamp="20220909 18:33:02.449" level="TRACE">Return: WindowsElement(item=&lt;uiautomation.uiautomation.MenuItemControl object at 0x0000026D74B69288&gt;, locator='Edit', name='Edit', automation_id='', control_type='MenuItemControl', class_name='Microsoft.UI.Xaml.Controls.MenuBarItem', left=347, right=413, top=312, bottom=360, width=66, height=48, xcenter=380, ycenter=336)</msg>
<status status="PASS" starttime="20220909 18:33:01.819" endtime="20220909 18:33:02.449"/>
</kw>
<kw name="Click" library="RPA.Windows">
<arg>Font</arg>
<arg>wait_time=0.5</arg>
<tag>action</tag>
<tag>mouse</tag>
<doc>Mouse click on element matching given locator.</doc>
<msg timestamp="20220909 18:33:02.450" level="TRACE">Arguments: [ 'Font' | wait_time=0.5 ]</msg>
<msg timestamp="20220909 18:33:02.451" level="INFO">Getting element with locator: Font</msg>
<msg timestamp="20220909 18:33:02.453" level="DEBUG">argument root = None</msg>
<msg timestamp="20220909 18:33:02.453" level="DEBUG">active anchor = None</msg>
<msg timestamp="20220909 18:33:02.458" level="DEBUG">active window = ControlType: WindowControl    ClassName: Notepad    AutomationId:     Rect: (258,258,3389,1529)[3131x1271]    Name: 'Untitled - Notepad'    Handle: 0x490D2E(4787502)</msg>
<msg timestamp="20220909 18:33:02.462" level="DEBUG">resulting root = ControlType: WindowControl    ClassName: Notepad    AutomationId:     Rect: (258,258,3389,1529)[3131x1271]    Name: 'Untitled - Notepad'    Handle: 0x490D2E(4787502)</msg>
<msg timestamp="20220909 18:33:02.462" level="INFO">Root element: &lt;uiautomation.uiautomation.WindowControl object at 0x0000026D74DC7B48&gt;</msg>
<msg timestamp="20220909 18:33:02.463" level="DEBUG">No locator strategy found. (assuming 'name')</msg>
<msg timestamp="20220909 18:33:02.463" level="INFO">Locator 'Font' produced matcher: MatchObject(locators=[('Name', 'Font', 0)], _classes=set(), max_level=0)</msg>
<msg timestamp="20220909 18:33:02.508" level="INFO">Returning element: WindowsElement(item=&lt;uiautomation.uiautomation.MenuItemControl object at 0x0000026D74B69948&gt;, locator='Font', name='Font', automation_id='', control_type='MenuItemControl', class_name='MenuFlyoutItem', left=355, right=688, top=988, bottom=1032, width=333, height=44, xcenter=521, ycenter=1010)</msg>
<msg timestamp="20220909 18:33:02.509" level="DEBUG">Click-ing element</msg>
<msg timestamp="20220909 18:33:03.103" level="TRACE">Return: WindowsElement(item=&lt;uiautomation.uiautomation.MenuItemControl object at 0x0000026D74B69948&gt;, locator='Font', name='Font', automation_id='', control_type='MenuItemControl', class_name='MenuFlyoutItem', left=355, right=688, top=988, bottom=1032, width=333, height=44, xcenter=521, ycenter=1010)</msg>
<status status="PASS" starttime="20220909 18:33:02.449" endtime="20220909 18:33:03.103"/>
</kw>
<kw name="Click" library="RPA.Windows">
<arg>Font</arg>
<arg>wait_time=2</arg>
<tag>action</tag>
<tag>mouse</tag>
<doc>Mouse click on element matching given locator.</doc>
<msg timestamp="20220909 18:33:03.104" level="TRACE">Arguments: [ 'Font' | wait_time=2.0 ]</msg>
<msg timestamp="20220909 18:33:03.105" level="INFO">Getting element with locator: Font</msg>
<msg timestamp="20220909 18:33:03.107" level="DEBUG">argument root = None</msg>
<msg timestamp="20220909 18:33:03.107" level="DEBUG">active anchor = None</msg>
<msg timestamp="20220909 18:33:03.113" level="DEBUG">active window = ControlType: WindowControl    ClassName: Notepad    AutomationId:     Rect: (258,258,3389,1529)[3131x1271]    Name: 'Untitled - Notepad'    Handle: 0x490D2E(4787502)</msg>
<msg timestamp="20220909 18:33:03.114" level="DEBUG">resulting root = ControlType: WindowControl    ClassName: Notepad    AutomationId:     Rect: (258,258,3389,1529)[3131x1271]    Name: 'Untitled - Notepad'    Handle: 0x490D2E(4787502)</msg>
<msg timestamp="20220909 18:33:03.114" level="INFO">Root element: &lt;uiautomation.uiautomation.WindowControl object at 0x0000026D74DC7B48&gt;</msg>
<msg timestamp="20220909 18:33:03.114" level="DEBUG">No locator strategy found. (assuming 'name')</msg>
<msg timestamp="20220909 18:33:03.114" level="INFO">Locator 'Font' produced matcher: MatchObject(locators=[('Name', 'Font', 0)], _classes=set(), max_level=0)</msg>
<msg timestamp="20220909 18:33:03.134" level="INFO">Returning element: WindowsElement(item=&lt;uiautomation.uiautomation.MenuItemControl object at 0x0000026D74B69588&gt;, locator='Font', name='Font', automation_id='', control_type='MenuItemControl', class_name='MenuFlyoutItem', left=355, right=688, top=988, bottom=1032, width=333, height=44, xcenter=521, ycenter=1010)</msg>
<msg timestamp="20220909 18:33:03.134" level="DEBUG">Click-ing element</msg>
<msg timestamp="20220909 18:33:05.206" level="TRACE">Return: WindowsElement(item=&lt;uiautomation.uiautomation.MenuItemControl object at 0x0000026D74B69588&gt;, locator='Font', name='Font', automation_id='', control_type='MenuItemControl', class_name='MenuFlyoutItem', left=355, right=688, top=988, bottom=1032, width=333, height=44, xcenter=521, ycenter=1010)</msg>
<status status="PASS" starttime="20220909 18:33:03.104" endtime="20220909 18:33:05.206"/>
</kw>
<kw name="Click" library="RPA.Windows">
<arg>id:FontFamilyComboBox</arg>
<tag>action</tag>
<tag>mouse</tag>
<doc>Mouse click on element matching given locator.</doc>
<msg timestamp="20220909 18:33:05.207" level="TRACE">Arguments: [ 'id:FontFamilyComboBox' ]</msg>
<msg timestamp="20220909 18:33:05.208" level="INFO">Getting element with locator: id:FontFamilyComboBox</msg>
<msg timestamp="20220909 18:33:05.210" level="DEBUG">argument root = None</msg>
<msg timestamp="20220909 18:33:05.210" level="DEBUG">active anchor = None</msg>
<msg timestamp="20220909 18:33:05.214" level="DEBUG">active window = ControlType: WindowControl    ClassName: Notepad    AutomationId:     Rect: (258,258,3389,1529)[3131x1271]    Name: 'Untitled - Notepad'    Handle: 0x490D2E(4787502)</msg>
<msg timestamp="20220909 18:33:05.218" level="DEBUG">resulting root = ControlType: WindowControl    ClassName: Notepad    AutomationId:     Rect: (258,258,3389,1529)[3131x1271]    Name: 'Untitled - Notepad'    Handle: 0x490D2E(4787502)</msg>
<msg timestamp="20220909 18:33:05.218" level="INFO">Root element: &lt;uiautomation.uiautomation.WindowControl object at 0x0000026D74DC7B48&gt;</msg>
<msg timestamp="20220909 18:33:05.219" level="INFO">Locator 'id:FontFamilyComboBox' produced matcher: MatchObject(locators=[('AutomationId', 'FontFamilyComboBox', 0)], _classes=set(), max_level=0)</msg>
<msg timestamp="20220909 18:33:05.235" level="INFO">Returning element: WindowsElement(item=&lt;uiautomation.uiautomation.ComboBoxControl object at 0x0000026D74B27208&gt;, locator='id:FontFamilyComboBox', name='Family', automation_id='FontFamilyComboBox', control_type='ComboBoxControl', class_name='ComboBox', left=2555, right=2864, top=640, bottom=700, width=309, height=60, xcenter=2709, ycenter=670)</msg>
<msg timestamp="20220909 18:33:05.235" level="DEBUG">Click-ing element</msg>
<msg timestamp="20220909 18:33:06.014" level="TRACE">Return: WindowsElement(item=&lt;uiautomation.uiautomation.ComboBoxControl object at 0x0000026D74B27208&gt;, locator='id:FontFamilyComboBox', name='Family', automation_id='FontFamilyComboBox', control_type='ComboBoxControl', class_name='ComboBox', left=2555, right=2864, top=640, bottom=700, width=309, height=60, xcenter=2709, ycenter=670)</msg>
<status status="PASS" starttime="20220909 18:33:05.207" endtime="20220909 18:33:06.014"/>
</kw>
<kw name="Click" library="RPA.Windows">
<arg>name:"Lucida Sans Unicode"</arg>
<arg>wait_time=0.5</arg>
<tag>action</tag>
<tag>mouse</tag>
<doc>Mouse click on element matching given locator.</doc>
<msg timestamp="20220909 18:33:06.016" level="TRACE">Arguments: [ 'name:"Lucida Sans Unicode"' | wait_time=0.5 ]</msg>
<msg timestamp="20220909 18:33:06.016" level="INFO">Getting element with locator: name:"Lucida Sans Unicode"</msg>
<msg timestamp="20220909 18:33:06.017" level="DEBUG">argument root = None</msg>
<msg timestamp="20220909 18:33:06.017" level="DEBUG">active anchor = None</msg>
<msg timestamp="20220909 18:33:06.023" level="DEBUG">active window = ControlType: WindowControl    ClassName: Notepad    AutomationId:     Rect: (258,258,3389,1529)[3131x1271]    Name: 'Untitled - Notepad'    Handle: 0x490D2E(4787502)</msg>
<msg timestamp="20220909 18:33:06.027" level="DEBUG">resulting root = ControlType: WindowControl    ClassName: Notepad    AutomationId:     Rect: (258,258,3389,1529)[3131x1271]    Name: 'Untitled - Notepad'    Handle: 0x490D2E(4787502)</msg>
<msg timestamp="20220909 18:33:06.027" level="INFO">Root element: &lt;uiautomation.uiautomation.WindowControl object at 0x0000026D74DC7B48&gt;</msg>
<msg timestamp="20220909 18:33:06.027" level="INFO">Locator 'name:"Lucida Sans Unicode"' produced matcher: MatchObject(locators=[('Name', 'Lucida Sans Unicode', 0)], _classes=set(), max_level=0)</msg>
<msg timestamp="20220909 18:33:06.042" level="INFO">Returning element: WindowsElement(item=&lt;uiautomation.uiautomation.ListItemControl object at 0x0000026D74218D88&gt;, locator='name:"Lucida Sans Unicode"', name='Lucida Sans Unicode', automation_id='ContentPresenter', control_type='ListItemControl', class_name='ComboBoxItem', left=0, right=0, top=0, bottom=0, width=0, height=0, xcenter=0, ycenter=0)</msg>
<msg timestamp="20220909 18:33:06.042" level="DEBUG">Click-ing element</msg>
<msg timestamp="20220909 18:33:06.043" level="INFO">2022-09-09 18:33:06.042 action.py[182] _click_element -&gt; Can not move cursor. ListItemControl's BoundingRectangle is (0,0,0,0)[0x0]. SearchProperties: {ControlType: ListItemControl}</msg>
<msg timestamp="20220909 18:33:06.043" level="TRACE">Return: WindowsElement(item=&lt;uiautomation.uiautomation.ListItemControl object at 0x0000026D74218D88&gt;, locator='name:"Lucida Sans Unicode"', name='Lucida Sans Unicode', automation_id='ContentPresenter', control_type='ListItemControl', class_name='ComboBoxItem', left=0, right=0, top=0, bottom=0, width=0, height=0, xcenter=0, ycenter=0)</msg>
<status status="PASS" starttime="20220909 18:33:06.015" endtime="20220909 18:33:06.043"/>
</kw>
<kw name="Click" library="RPA.Windows">
<arg>id:FontSizeComboBox</arg>
<tag>action</tag>
<tag>mouse</tag>
<doc>Mouse click on element matching given locator.</doc>
<msg timestamp="20220909 18:33:06.043" level="TRACE">Arguments: [ 'id:FontSizeComboBox' ]</msg>
<msg timestamp="20220909 18:33:06.043" level="INFO">Getting element with locator: id:FontSizeComboBox</msg>
<msg timestamp="20220909 18:33:06.044" level="DEBUG">argument root = None</msg>
<msg timestamp="20220909 18:33:06.044" level="DEBUG">active anchor = None</msg>
<msg timestamp="20220909 18:33:06.044" level="DEBUG">active window = ControlType: WindowControl    ClassName: Notepad    AutomationId:     Rect: (258,258,3389,1529)[3131x1271]    Name: 'Untitled - Notepad'    Handle: 0x490D2E(4787502)</msg>
<msg timestamp="20220909 18:33:06.045" level="DEBUG">resulting root = ControlType: WindowControl    ClassName: Notepad    AutomationId:     Rect: (258,258,3389,1529)[3131x1271]    Name: 'Untitled - Notepad'    Handle: 0x490D2E(4787502)</msg>
<msg timestamp="20220909 18:33:06.045" level="INFO">Root element: &lt;uiautomation.uiautomation.WindowControl object at 0x0000026D74DC7B48&gt;</msg>
<msg timestamp="20220909 18:33:06.045" level="INFO">Locator 'id:FontSizeComboBox' produced matcher: MatchObject(locators=[('AutomationId', 'FontSizeComboBox', 0)], _classes=set(), max_level=0)</msg>
<msg timestamp="20220909 18:33:06.063" level="INFO">Returning element: WindowsElement(item=&lt;uiautomation.uiautomation.ComboBoxControl object at 0x0000026D74218248&gt;, locator='id:FontSizeComboBox', name='Size', automation_id='FontSizeComboBox', control_type='ComboBoxControl', class_name='ComboBox', left=2555, right=2864, top=813, bottom=873, width=309, height=60, xcenter=2709, ycenter=843)</msg>
<msg timestamp="20220909 18:33:06.063" level="DEBUG">Click-ing element</msg>
<msg timestamp="20220909 18:33:06.837" level="TRACE">Return: WindowsElement(item=&lt;uiautomation.uiautomation.ComboBoxControl object at 0x0000026D74218248&gt;, locator='id:FontSizeComboBox', name='Size', automation_id='FontSizeComboBox', control_type='ComboBoxControl', class_name='ComboBox', left=2555, right=2864, top=813, bottom=873, width=309, height=60, xcenter=2709, ycenter=843)</msg>
<status status="PASS" starttime="20220909 18:33:06.043" endtime="20220909 18:33:06.838"/>
</kw>
<kw name="Click" library="RPA.Windows">
<arg>name:"26"</arg>
<arg>wait_time=0.5</arg>
<tag>action</tag>
<tag>mouse</tag>
<doc>Mouse click on element matching given locator.</doc>
<msg timestamp="20220909 18:33:06.839" level="TRACE">Arguments: [ 'name:"26"' | wait_time=0.5 ]</msg>
<msg timestamp="20220909 18:33:06.839" level="INFO">Getting element with locator: name:"26"</msg>
<msg timestamp="20220909 18:33:06.841" level="DEBUG">argument root = None</msg>
<msg timestamp="20220909 18:33:06.841" level="DEBUG">active anchor = None</msg>
<msg timestamp="20220909 18:33:06.846" level="DEBUG">active window = ControlType: WindowControl    ClassName: Notepad    AutomationId:     Rect: (258,258,3389,1529)[3131x1271]    Name: 'Untitled - Notepad'    Handle: 0x490D2E(4787502)</msg>
<msg timestamp="20220909 18:33:06.850" level="DEBUG">resulting root = ControlType: WindowControl    ClassName: Notepad    AutomationId:     Rect: (258,258,3389,1529)[3131x1271]    Name: 'Untitled - Notepad'    Handle: 0x490D2E(4787502)</msg>
<msg timestamp="20220909 18:33:06.851" level="INFO">Root element: &lt;uiautomation.uiautomation.WindowControl object at 0x0000026D74DC7B48&gt;</msg>
<msg timestamp="20220909 18:33:06.851" level="INFO">Locator 'name:"26"' produced matcher: MatchObject(locators=[('Name', '26', 0)], _classes=set(), max_level=0)</msg>
<msg timestamp="20220909 18:33:06.878" level="INFO">Returning element: WindowsElement(item=&lt;uiautomation.uiautomation.ListItemControl object at 0x0000026D74218408&gt;, locator='name:"26"', name='26', automation_id='ContentPresenter', control_type='ListItemControl', class_name='ComboBoxItem', left=0, right=0, top=0, bottom=0, width=0, height=0, xcenter=0, ycenter=0)</msg>
<msg timestamp="20220909 18:33:06.878" level="DEBUG">Click-ing element</msg>
<msg timestamp="20220909 18:33:06.878" level="INFO">2022-09-09 18:33:06.878 action.py[182] _click_element -&gt; Can not move cursor. ListItemControl's BoundingRectangle is (0,0,0,0)[0x0]. SearchProperties: {ControlType: ListItemControl}</msg>
<msg timestamp="20220909 18:33:06.878" level="TRACE">Return: WindowsElement(item=&lt;uiautomation.uiautomation.ListItemControl object at 0x0000026D74218408&gt;, locator='name:"26"', name='26', automation_id='ContentPresenter', control_type='ListItemControl', class_name='ComboBoxItem', left=0, right=0, top=0, bottom=0, width=0, height=0, xcenter=0, ycenter=0)</msg>
<status status="PASS" starttime="20220909 18:33:06.838" endtime="20220909 18:33:06.878"/>
</kw>
<kw name="Click" library="RPA.Windows">
<arg>name:"Back"</arg>
<tag>action</tag>
<tag>mouse</tag>
<doc>Mouse click on element matching given locator.</doc>
<msg timestamp="20220909 18:33:06.879" level="TRACE">Arguments: [ 'name:"Back"' ]</msg>
<msg timestamp="20220909 18:33:06.879" level="INFO">Getting element with locator: name:"Back"</msg>
<msg timestamp="20220909 18:33:06.880" level="DEBUG">argument root = None</msg>
<msg timestamp="20220909 18:33:06.880" level="DEBUG">active anchor = None</msg>
<msg timestamp="20220909 18:33:06.880" level="DEBUG">active window = ControlType: WindowControl    ClassName: Notepad    AutomationId:     Rect: (258,258,3389,1529)[3131x1271]    Name: 'Untitled - Notepad'    Handle: 0x490D2E(4787502)</msg>
<msg timestamp="20220909 18:33:06.881" level="DEBUG">resulting root = ControlType: WindowControl    ClassName: Notepad    AutomationId:     Rect: (258,258,3389,1529)[3131x1271]    Name: 'Untitled - Notepad'    Handle: 0x490D2E(4787502)</msg>
<msg timestamp="20220909 18:33:06.881" level="INFO">Root element: &lt;uiautomation.uiautomation.WindowControl object at 0x0000026D74DC7B48&gt;</msg>
<msg timestamp="20220909 18:33:06.881" level="INFO">Locator 'name:"Back"' produced matcher: MatchObject(locators=[('Name', 'Back', 0)], _classes=set(), max_level=0)</msg>
<msg timestamp="20220909 18:33:06.885" level="INFO">Returning element: WindowsElement(item=&lt;uiautomation.uiautomation.ButtonControl object at 0x0000026D74218848&gt;, locator='name:"Back"', name='Back', automation_id='Button', control_type='ButtonControl', class_name='Button', left=275, right=320, top=264, bottom=300, width=45, height=36, xcenter=297, ycenter=282)</msg>
<msg timestamp="20220909 18:33:06.885" level="DEBUG">Click-ing element</msg>
<msg timestamp="20220909 18:33:07.649" level="TRACE">Return: WindowsElement(item=&lt;uiautomation.uiautomation.ButtonControl object at 0x0000026D74218848&gt;, locator='name:"Back"', name='Back', automation_id='Button', control_type='ButtonControl', class_name='Button', left=275, right=320, top=264, bottom=300, width=45, height=36, xcenter=297, ycenter=282)</msg>
<status status="PASS" starttime="20220909 18:33:06.879" endtime="20220909 18:33:07.649"/>
</kw>
<status status="PASS" starttime="20220909 18:33:01.819" endtime="20220909 18:33:07.650"/>
</branch>
<branch type="ELSE">
<kw name="Control Window" library="RPA.Windows">
<arg>Font</arg>
<tag>window</tag>
<doc>Controls the window defined by the locator.</doc>
<status status="NOT RUN" starttime="20220909 18:33:07.650" endtime="20220909 18:33:07.650"/>
</kw>
<kw name="Click" library="RPA.Windows">
<arg>type:MenuBar name:Application &gt; name:Format</arg>
<tag>action</tag>
<tag>mouse</tag>
<doc>Mouse click on element matching given locator.</doc>
<status status="NOT RUN" starttime="20220909 18:33:07.651" endtime="20220909 18:33:07.651"/>
</kw>
<kw name="Click" library="RPA.Windows">
<arg>name:Font...</arg>
<tag>action</tag>
<tag>mouse</tag>
<doc>Mouse click on element matching given locator.</doc>
<status status="NOT RUN" starttime="20220909 18:33:07.651" endtime="20220909 18:33:07.651"/>
</kw>
<kw name="Select" library="RPA.Windows">
<arg>type:ComboBox id:1136</arg>
<arg>Trebuchet MS</arg>
<tag>action</tag>
<doc>Select value on Control element if action is supported.</doc>
<status status="NOT RUN" starttime="20220909 18:33:07.652" endtime="20220909 18:33:07.652"/>
</kw>
<kw name="Select" library="RPA.Windows">
<arg>type:ComboBox id:1138</arg>
<arg>28</arg>
<tag>action</tag>
<doc>Select value on Control element if action is supported.</doc>
<status status="NOT RUN" starttime="20220909 18:33:07.652" endtime="20220909 18:33:07.652"/>
</kw>
<kw name="Click" library="RPA.Windows">
<arg>type:Button name:OK</arg>
<tag>action</tag>
<tag>mouse</tag>
<doc>Mouse click on element matching given locator.</doc>
<status status="NOT RUN" starttime="20220909 18:33:07.653" endtime="20220909 18:33:07.653"/>
</kw>
<status status="NOT RUN" starttime="20220909 18:33:07.650" endtime="20220909 18:33:07.653"/>
</branch>
<status status="PASS" starttime="20220909 18:33:01.819" endtime="20220909 18:33:07.653"/>
</if>
<kw name="Control Window" library="RPA.Windows">
<arg>subname:"- Notepad"</arg>
<tag>window</tag>
<doc>Controls the window defined by the locator.</doc>
<msg timestamp="20220909 18:33:07.653" level="TRACE">Arguments: [ 'subname:"- Notepad"' ]</msg>
<msg timestamp="20220909 18:33:07.656" level="INFO">Getting element with locator: subname:"- Notepad" and type:WindowControl</msg>
<msg timestamp="20220909 18:33:07.664" level="DEBUG">argument root = ControlType: PaneControl    ClassName: #32769    AutomationId:     Rect: (0,0,3840,2160)[3840x2160]    Name: 'Desktop 1'    Handle: 0x10010(65552)</msg>
<msg timestamp="20220909 18:33:07.664" level="DEBUG">active anchor = None</msg>
<msg timestamp="20220909 18:33:07.668" level="DEBUG">active window = ControlType: WindowControl    ClassName: Notepad    AutomationId:     Rect: (258,258,3389,1529)[3131x1271]    Name: 'Untitled - Notepad'    Handle: 0x490D2E(4787502)</msg>
<msg timestamp="20220909 18:33:07.670" level="DEBUG">resulting root = ControlType: PaneControl    ClassName: #32769    AutomationId:     Rect: (0,0,3840,2160)[3840x2160]    Name: 'Desktop 1'    Handle: 0x10010(65552)</msg>
<msg timestamp="20220909 18:33:07.670" level="INFO">Root element: &lt;uiautomation.uiautomation.PaneControl object at 0x0000026D74C6C4C8&gt;</msg>
<msg timestamp="20220909 18:33:07.671" level="INFO">Locator 'subname:"- Notepad" and type:WindowControl' produced matcher: MatchObject(locators=[('SubName', '- Notepad', 0), ('ControlType', 'WindowControl', 0)], _classes=set(), max_level=0)</msg>
<msg timestamp="20220909 18:33:07.884" level="INFO">Returning element: WindowsElement(item=&lt;uiautomation.uiautomation.WindowControl object at 0x0000026D74218C48&gt;, locator='subname:"- Notepad" and type:WindowControl', name='Untitled - Notepad', automation_id='', control_type='WindowControl', class_name='Notepad', left=258, right=3389, top=258, bottom=1529, width=3131, height=1271, xcenter=1823, ycenter=893)</msg>
<msg timestamp="20220909 18:33:08.395" level="TRACE">Return: WindowsElement(item=&lt;uiautomation.uiautomation.WindowControl object at 0x0000026D74218C48&gt;, locator='subname:"- Notepad" and type:WindowControl', name='Untitled - Notepad', automation_id='', control_type='WindowControl', class_name='Notepad', left=258, right=3389, top=258, bottom=1529, width=3131, height=1271, xcenter=1823, ycenter=893)</msg>
<status status="PASS" starttime="20220909 18:33:07.653" endtime="20220909 18:33:08.395"/>
</kw>
<kw name="Send Keys" library="RPA.Windows">
<arg>keys={Ctrl}a{Del}</arg>
<tag>action</tag>
<doc>Send keys to desktop, current window or to Control element
defined by given locator.</doc>
<msg timestamp="20220909 18:33:08.396" level="TRACE">Arguments: [ keys='{Ctrl}a{Del}' ]</msg>
<msg timestamp="20220909 18:33:08.396" level="INFO">Sending keys '{Ctrl}a{Del}' to element &lt;module 'uiautomation' from 'C:\\Users\\boome\\Documents\\GitHub\\robo-rpaframework\\packages\\windows\\.venv\\lib\\site-packages\\uiautomation\\__init__.py'&gt;</msg>
<msg timestamp="20220909 18:33:09.202" level="TRACE">Return: None</msg>
<status status="PASS" starttime="20220909 18:33:08.395" endtime="20220909 18:33:09.202"/>
</kw>
<kw name="Send Keys" library="RPA.Windows">
<arg>keys=Lets add some text to the notepad</arg>
<tag>action</tag>
<doc>Send keys to desktop, current window or to Control element
defined by given locator.</doc>
<msg timestamp="20220909 18:33:09.203" level="TRACE">Arguments: [ keys='Lets add some text to the notepad' ]</msg>
<msg timestamp="20220909 18:33:09.204" level="INFO">Sending keys 'Lets add some text to the notepad' to element &lt;module 'uiautomation' from 'C:\\Users\\boome\\Documents\\GitHub\\robo-rpaframework\\packages\\windows\\.venv\\lib\\site-packages\\uiautomation\\__init__.py'&gt;</msg>
<msg timestamp="20220909 18:33:10.422" level="TRACE">Return: None</msg>
<status status="PASS" starttime="20220909 18:33:09.203" endtime="20220909 18:33:10.422"/>
</kw>
<kw name="Control Window" library="RPA.Windows">
<arg>subname:"- Notepad"</arg>
<tag>window</tag>
<doc>Controls the window defined by the locator.</doc>
<msg timestamp="20220909 18:33:10.423" level="TRACE">Arguments: [ 'subname:"- Notepad"' ]</msg>
<msg timestamp="20220909 18:33:10.426" level="INFO">Getting element with locator: subname:"- Notepad" and type:WindowControl</msg>
<msg timestamp="20220909 18:33:10.430" level="DEBUG">argument root = ControlType: PaneControl    ClassName: #32769    AutomationId:     Rect: (0,0,3840,2160)[3840x2160]    Name: 'Desktop 1'    Handle: 0x10010(65552)</msg>
<msg timestamp="20220909 18:33:10.430" level="DEBUG">active anchor = None</msg>
<msg timestamp="20220909 18:33:10.436" level="DEBUG">active window = ControlType: WindowControl    ClassName: Notepad    AutomationId:     Rect: (258,258,3389,1529)[3131x1271]    Name: '*Untitled - Notepad'    Handle: 0x490D2E(4787502)</msg>
<msg timestamp="20220909 18:33:10.438" level="DEBUG">resulting root = ControlType: PaneControl    ClassName: #32769    AutomationId:     Rect: (0,0,3840,2160)[3840x2160]    Name: 'Desktop 1'    Handle: 0x10010(65552)</msg>
<msg timestamp="20220909 18:33:10.439" level="INFO">Root element: &lt;uiautomation.uiautomation.PaneControl object at 0x0000026D74C71908&gt;</msg>
<msg timestamp="20220909 18:33:10.439" level="INFO">Locator 'subname:"- Notepad" and type:WindowControl' produced matcher: MatchObject(locators=[('SubName', '- Notepad', 0), ('ControlType', 'WindowControl', 0)], _classes=set(), max_level=0)</msg>
<msg timestamp="20220909 18:33:10.551" level="INFO">Returning element: WindowsElement(item=&lt;uiautomation.uiautomation.WindowControl object at 0x0000026D74218A08&gt;, locator='subname:"- Notepad" and type:WindowControl', name='*Untitled - Notepad', automation_id='', control_type='WindowControl', class_name='Notepad', left=258, right=3389, top=258, bottom=1529, width=3131, height=1271, xcenter=1823, ycenter=893)</msg>
<msg timestamp="20220909 18:33:11.060" level="TRACE">Return: WindowsElement(item=&lt;uiautomation.uiautomation.WindowControl object at 0x0000026D74218A08&gt;, locator='subname:"- Notepad" and type:WindowControl', name='*Untitled - Notepad', automation_id='', control_type='WindowControl', class_name='Notepad', left=258, right=3389, top=258, bottom=1529, width=3131, height=1271, xcenter=1823, ycenter=893)</msg>
<status status="PASS" starttime="20220909 18:33:10.422" endtime="20220909 18:33:11.060"/>
</kw>
<if>
<branch type="IF" condition="&quot;${ver}&quot; == &quot;11&quot;">
<kw name="Click" library="RPA.Windows">
<arg>File</arg>
<arg>wait_time=0.3</arg>
<tag>action</tag>
<tag>mouse</tag>
<doc>Mouse click on element matching given locator.</doc>
<msg timestamp="20220909 18:33:11.062" level="TRACE">Arguments: [ 'File' | wait_time=0.3 ]</msg>
<msg timestamp="20220909 18:33:11.063" level="INFO">Getting element with locator: File</msg>
<msg timestamp="20220909 18:33:11.065" level="DEBUG">argument root = None</msg>
<msg timestamp="20220909 18:33:11.065" level="DEBUG">active anchor = None</msg>
<msg timestamp="20220909 18:33:11.070" level="DEBUG">active window = ControlType: WindowControl    ClassName: Notepad    AutomationId:     Rect: (258,258,3389,1529)[3131x1271]    Name: '*Untitled - Notepad'    Handle: 0x490D2E(4787502)</msg>
<msg timestamp="20220909 18:33:11.074" level="DEBUG">resulting root = ControlType: WindowControl    ClassName: Notepad    AutomationId:     Rect: (258,258,3389,1529)[3131x1271]    Name: '*Untitled - Notepad'    Handle: 0x490D2E(4787502)</msg>
<msg timestamp="20220909 18:33:11.074" level="INFO">Root element: &lt;uiautomation.uiautomation.WindowControl object at 0x0000026D74218A08&gt;</msg>
<msg timestamp="20220909 18:33:11.074" level="DEBUG">No locator strategy found. (assuming 'name')</msg>
<msg timestamp="20220909 18:33:11.075" level="INFO">Locator 'File' produced matcher: MatchObject(locators=[('Name', 'File', 0)], _classes=set(), max_level=0)</msg>
<msg timestamp="20220909 18:33:11.086" level="INFO">Returning element: WindowsElement(item=&lt;uiautomation.uiautomation.MenuItemControl object at 0x0000026D74B0FF08&gt;, locator='File', name='File', automation_id='', control_type='MenuItemControl', class_name='Microsoft.UI.Xaml.Controls.MenuBarItem', left=273, right=335, top=312, bottom=360, width=62, height=48, xcenter=304, ycenter=336)</msg>
<msg timestamp="20220909 18:33:11.087" level="DEBUG">Click-ing element</msg>
<msg timestamp="20220909 18:33:11.469" level="TRACE">Return: WindowsElement(item=&lt;uiautomation.uiautomation.MenuItemControl object at 0x0000026D74B0FF08&gt;, locator='File', name='File', automation_id='', control_type='MenuItemControl', class_name='Microsoft.UI.Xaml.Controls.MenuBarItem', left=273, right=335, top=312, bottom=360, width=62, height=48, xcenter=304, ycenter=336)</msg>
<status status="PASS" starttime="20220909 18:33:11.061" endtime="20220909 18:33:11.469"/>
</kw>
<kw name="Click" library="RPA.Windows">
<arg>Save as</arg>
<tag>action</tag>
<tag>mouse</tag>
<doc>Mouse click on element matching given locator.</doc>
<msg timestamp="20220909 18:33:11.470" level="TRACE">Arguments: [ 'Save as' ]</msg>
<msg timestamp="20220909 18:33:11.470" level="INFO">Getting element with locator: Save as</msg>
<msg timestamp="20220909 18:33:11.470" level="DEBUG">argument root = None</msg>
<msg timestamp="20220909 18:33:11.470" level="DEBUG">active anchor = None</msg>
<msg timestamp="20220909 18:33:11.473" level="DEBUG">active window = ControlType: WindowControl    ClassName: Notepad    AutomationId:     Rect: (258,258,3389,1529)[3131x1271]    Name: '*Untitled - Notepad'    Handle: 0x490D2E(4787502)</msg>
<msg timestamp="20220909 18:33:11.474" level="DEBUG">resulting root = ControlType: WindowControl    ClassName: Notepad    AutomationId:     Rect: (258,258,3389,1529)[3131x1271]    Name: '*Untitled - Notepad'    Handle: 0x490D2E(4787502)</msg>
<msg timestamp="20220909 18:33:11.474" level="INFO">Root element: &lt;uiautomation.uiautomation.WindowControl object at 0x0000026D74218A08&gt;</msg>
<msg timestamp="20220909 18:33:11.474" level="DEBUG">No locator strategy found. (assuming 'name')</msg>
<msg timestamp="20220909 18:33:11.474" level="DEBUG">No locator strategy found. (assuming 'name')</msg>
<msg timestamp="20220909 18:33:11.474" level="INFO">Locator 'Save as' produced matcher: MatchObject(locators=[('Name', 'Save as', 0)], _classes=set(), max_level=0)</msg>
<msg timestamp="20220909 18:33:11.490" level="INFO">Returning element: WindowsElement(item=&lt;uiautomation.uiautomation.MenuItemControl object at 0x0000026D742195C8&gt;, locator='Save as', name='Save as', automation_id='', control_type='MenuItemControl', class_name='MenuFlyoutItem', left=281, right=614, top=568, bottom=611, width=333, height=43, xcenter=447, ycenter=589)</msg>
<msg timestamp="20220909 18:33:11.490" level="DEBUG">Click-ing element</msg>
<msg timestamp="20220909 18:33:12.260" level="TRACE">Return: WindowsElement(item=&lt;uiautomation.uiautomation.MenuItemControl object at 0x0000026D742195C8&gt;, locator='Save as', name='Save as', automation_id='', control_type='MenuItemControl', class_name='MenuFlyoutItem', left=281, right=614, top=568, bottom=611, width=333, height=43, xcenter=447, ycenter=589)</msg>
<status status="PASS" starttime="20220909 18:33:11.469" endtime="20220909 18:33:12.260"/>
</kw>
<kw name="Click" library="RPA.Windows">
<arg>Save as</arg>
<arg>wait_time=1.5</arg>
<tag>action</tag>
<tag>mouse</tag>
<doc>Mouse click on element matching given locator.</doc>
<msg timestamp="20220909 18:33:12.261" level="TRACE">Arguments: [ 'Save as' | wait_time=1.5 ]</msg>
<msg timestamp="20220909 18:33:12.262" level="INFO">Getting element with locator: Save as</msg>
<msg timestamp="20220909 18:33:12.264" level="DEBUG">argument root = None</msg>
<msg timestamp="20220909 18:33:12.264" level="DEBUG">active anchor = None</msg>
<msg timestamp="20220909 18:33:12.268" level="DEBUG">active window = ControlType: WindowControl    ClassName: Notepad    AutomationId:     Rect: (258,258,3389,1529)[3131x1271]    Name: '*Untitled - Notepad'    Handle: 0x490D2E(4787502)</msg>
<msg timestamp="20220909 18:33:12.273" level="DEBUG">resulting root = ControlType: WindowControl    ClassName: Notepad    AutomationId:     Rect: (258,258,3389,1529)[3131x1271]    Name: '*Untitled - Notepad'    Handle: 0x490D2E(4787502)</msg>
<msg timestamp="20220909 18:33:12.273" level="INFO">Root element: &lt;uiautomation.uiautomation.WindowControl object at 0x0000026D74218A08&gt;</msg>
<msg timestamp="20220909 18:33:12.273" level="DEBUG">No locator strategy found. (assuming 'name')</msg>
<msg timestamp="20220909 18:33:12.273" level="DEBUG">No locator strategy found. (assuming 'name')</msg>
<msg timestamp="20220909 18:33:12.273" level="INFO">Locator 'Save as' produced matcher: MatchObject(locators=[('Name', 'Save as', 0)], _classes=set(), max_level=0)</msg>
<msg timestamp="20220909 18:33:12.284" level="INFO">Returning element: WindowsElement(item=&lt;uiautomation.uiautomation.MenuItemControl object at 0x0000026D74219808&gt;, locator='Save as', name='Save as', automation_id='', control_type='MenuItemControl', class_name='MenuFlyoutItem', left=281, right=614, top=568, bottom=611, width=333, height=43, xcenter=447, ycenter=589)</msg>
<msg timestamp="20220909 18:33:12.285" level="DEBUG">Click-ing element</msg>
<msg timestamp="20220909 18:33:13.845" level="TRACE">Return: WindowsElement(item=&lt;uiautomation.uiautomation.MenuItemControl object at 0x0000026D74219808&gt;, locator='Save as', name='Save as', automation_id='', control_type='MenuItemControl', class_name='MenuFlyoutItem', left=281, right=614, top=568, bottom=611, width=333, height=43, xcenter=447, ycenter=589)</msg>
<status status="PASS" starttime="20220909 18:33:12.261" endtime="20220909 18:33:13.845"/>
</kw>
<status status="PASS" starttime="20220909 18:33:11.061" endtime="20220909 18:33:13.846"/>
</branch>
<branch type="ELSE">
<kw name="Click" library="RPA.Windows">
<arg>type:MenuBar name:Application &gt; name:File</arg>
<tag>action</tag>
<tag>mouse</tag>
<doc>Mouse click on element matching given locator.</doc>
<status status="NOT RUN" starttime="20220909 18:33:13.846" endtime="20220909 18:33:13.846"/>
</kw>
<kw name="Click" library="RPA.Windows">
<arg>type:MenuItem subname:"Save As"</arg>
<tag>action</tag>
<tag>mouse</tag>
<doc>Mouse click on element matching given locator.</doc>
<status status="NOT RUN" starttime="20220909 18:33:13.847" endtime="20220909 18:33:13.847"/>
</kw>
<status status="NOT RUN" starttime="20220909 18:33:13.846" endtime="20220909 18:33:13.847"/>
</branch>
<status status="PASS" starttime="20220909 18:33:11.060" endtime="20220909 18:33:13.847"/>
</if>
<kw name="Send Keys" library="RPA.Windows">
<arg>keys=best-win-auto.txt{Enter}</arg>
<arg>interval=0.05</arg>
<tag>action</tag>
<doc>Send keys to desktop, current window or to Control element
defined by given locator.</doc>
<msg timestamp="20220909 18:33:13.848" level="TRACE">Arguments: [ keys='best-win-auto.txt{Enter}' | interval=0.05 ]</msg>
<msg timestamp="20220909 18:33:13.848" level="INFO">Sending keys 'best-win-auto.txt{Enter}' to element &lt;module 'uiautomation' from 'C:\\Users\\boome\\Documents\\GitHub\\robo-rpaframework\\packages\\windows\\.venv\\lib\\site-packages\\uiautomation\\__init__.py'&gt;</msg>
<msg timestamp="20220909 18:33:15.693" level="TRACE">Return: None</msg>
<status status="PASS" starttime="20220909 18:33:13.847" endtime="20220909 18:33:15.693"/>
</kw>
<kw name="Run Keyword And Ignore Error" library="BuiltIn">
<var>${run}</var>
<arg>Control Window</arg>
<arg>Confirm Save As</arg>
<arg>timeout=0.5</arg>
<doc>Runs the given keyword with the given arguments and ignores possible error.</doc>
<msg timestamp="20220909 18:33:15.693" level="TRACE">Arguments: [ 'Control Window' | 'Confirm Save As' | 'timeout=0.5' ]</msg>
<kw name="Control Window" library="RPA.Windows">
<arg>Confirm Save As</arg>
<arg>timeout=0.5</arg>
<tag>window</tag>
<doc>Controls the window defined by the locator.</doc>
<msg timestamp="20220909 18:33:15.696" level="TRACE">Arguments: [ 'Confirm Save As' | timeout=0.5 ]</msg>
<msg timestamp="20220909 18:33:15.696" level="INFO">Locator timeout set to: 0.500000</msg>
<msg timestamp="20220909 18:33:15.700" level="INFO">Getting element with locator: Confirm Save As and type:WindowControl</msg>
<msg timestamp="20220909 18:33:15.704" level="DEBUG">argument root = ControlType: PaneControl    ClassName: #32769    AutomationId:     Rect: (0,0,3840,2160)[3840x2160]    Name: 'Desktop 1'    Handle: 0x10010(65552)</msg>
<msg timestamp="20220909 18:33:15.704" level="DEBUG">active anchor = None</msg>
<msg timestamp="20220909 18:33:15.707" level="DEBUG">active window = ControlType: WindowControl    ClassName: Notepad    AutomationId:     Rect: (258,258,3389,1529)[3131x1271]    Name: 'best-win-auto.txt - Notepad'    Handle: 0x490D2E(4787502)</msg>
<msg timestamp="20220909 18:33:15.710" level="DEBUG">resulting root = ControlType: PaneControl    ClassName: #32769    AutomationId:     Rect: (0,0,3840,2160)[3840x2160]    Name: 'Desktop 1'    Handle: 0x10010(65552)</msg>
<msg timestamp="20220909 18:33:15.711" level="INFO">Root element: &lt;uiautomation.uiautomation.PaneControl object at 0x0000026D74219808&gt;</msg>
<msg timestamp="20220909 18:33:15.711" level="DEBUG">No locator strategy found. (assuming 'name')</msg>
<msg timestamp="20220909 18:33:15.711" level="DEBUG">No locator strategy found. (assuming 'name')</msg>
<msg timestamp="20220909 18:33:15.712" level="DEBUG">No locator strategy found. (assuming 'name')</msg>
<msg timestamp="20220909 18:33:15.712" level="INFO">Locator 'Confirm Save As and type:WindowControl' produced matcher: MatchObject(locators=[('Name', 'Confirm Save As', 0), ('ControlType', 'WindowControl', 0)], _classes=set(), max_level=0)</msg>
<msg timestamp="20220909 18:33:16.922" level="INFO">Getting element with locator: Confirm Save As and type:PaneControl</msg>
<msg timestamp="20220909 18:33:16.923" level="DEBUG">argument root = ControlType: PaneControl    ClassName: #32769    AutomationId:     Rect: (0,0,3840,2160)[3840x2160]    Name: 'Desktop 1'    Handle: 0x10010(65552)</msg>
<msg timestamp="20220909 18:33:16.923" level="DEBUG">active anchor = None</msg>
<msg timestamp="20220909 18:33:16.923" level="DEBUG">active window = None</msg>
<msg timestamp="20220909 18:33:16.923" level="DEBUG">resulting root = ControlType: PaneControl    ClassName: #32769    AutomationId:     Rect: (0,0,3840,2160)[3840x2160]    Name: 'Desktop 1'    Handle: 0x10010(65552)</msg>
<msg timestamp="20220909 18:33:16.923" level="INFO">Root element: &lt;uiautomation.uiautomation.PaneControl object at 0x0000026D74218088&gt;</msg>
<msg timestamp="20220909 18:33:16.924" level="DEBUG">No locator strategy found. (assuming 'name')</msg>
<msg timestamp="20220909 18:33:16.924" level="DEBUG">No locator strategy found. (assuming 'name')</msg>
<msg timestamp="20220909 18:33:16.924" level="DEBUG">No locator strategy found. (assuming 'name')</msg>
<msg timestamp="20220909 18:33:16.924" level="INFO">Locator 'Confirm Save As and type:PaneControl' produced matcher: MatchObject(locators=[('Name', 'Confirm Save As', 0), ('ControlType', 'PaneControl', 0)], _classes=set(), max_level=0)</msg>
<msg timestamp="20220909 18:33:18.036" level="DEBUG">Locator timeout set back to global value: 10.000000</msg>
<msg timestamp="20220909 18:33:18.036" level="INFO">2022-09-09 18:33:16.919 locators.py[236] _get_control_from_params -&gt; Find Control Timeout(0.5s): {Name: 'Confirm Save As', ControlType: WindowControl}
2022-09-09 18:33:18.036 locators.py[236] _get_control_from_params -&gt; Find Control Timeout(0.5s): {Name: 'Confirm Save As', ControlType: PaneControl}</msg>
<msg timestamp="20220909 18:33:18.036" level="FAIL">WindowControlError: Could not locate window with locator: 'Confirm Save As' (timeout: 0.5)</msg>
<msg timestamp="20220909 18:33:18.037" level="DEBUG">Traceback (most recent call last):
  File "C:\Users\boome\Documents\GitHub\robo-rpaframework\packages\windows\.venv\lib\site-packages\robotlibcore.py", line 94, in run_keyword
    return self.keywords[name](*args, **(kwargs or {}))
  File "C:\Users\boome\Documents\GitHub\robo-rpaframework\packages\windows\.venv\lib\site-packages\RPA\core\windows\context.py", line 83, in wrapper
    return func(self, *args, **kwargs)
  File "C:\Users\boome\Documents\GitHub\robo-rpaframework\packages\windows\src\RPA\Windows\keywords\window.py", line 84, in control_window
    f"Could not locate window with locator: {locator!r} "
RPA.core.windows.context.WindowControlError: Could not locate window with locator: 'Confirm Save As' (timeout: 0.5)</msg>
<status status="FAIL" starttime="20220909 18:33:15.695" endtime="20220909 18:33:18.037"/>
</kw>
<msg timestamp="20220909 18:33:18.037" level="TRACE">Return: ('FAIL',
 "WindowControlError: Could not locate window with locator: 'Confirm Save As' (timeout: 0.5)")</msg>
<msg timestamp="20220909 18:33:18.037" level="INFO">${run} = ('FAIL', "WindowControlError: Could not locate window with locator: 'Confirm Save As' (timeout: 0.5)")</msg>
<status status="PASS" starttime="20220909 18:33:15.693" endtime="20220909 18:33:18.038"/>
</kw>
<if>
<branch type="IF" condition="&quot;${run}[0]&quot; == &quot;PASS&quot;">
<kw name="Click" library="RPA.Windows">
<arg>Yes</arg>
<arg>wait_time=0.3</arg>
<tag>action</tag>
<tag>mouse</tag>
<doc>Mouse click on element matching given locator.</doc>
<status status="NOT RUN" starttime="20220909 18:33:18.038" endtime="20220909 18:33:18.038"/>
</kw>
<status status="NOT RUN" starttime="20220909 18:33:18.038" endtime="20220909 18:33:18.038"/>
</branch>
<status status="PASS" starttime="20220909 18:33:18.038" endtime="20220909 18:33:18.038"/>
</if>
<kw name="Minimize Window" library="RPA.Windows">
<arg>subname:"- Notepad"</arg>
<tag>window</tag>
<doc>Minimize the current active window or the window defined
by the locator.</doc>
<msg timestamp="20220909 18:33:18.038" level="TRACE">Arguments: [ 'subname:"- Notepad"' ]</msg>
<msg timestamp="20220909 18:33:18.039" level="INFO">Getting element with locator: subname:"- Notepad" and type:WindowControl</msg>
<msg timestamp="20220909 18:33:18.040" level="DEBUG">argument root = ControlType: PaneControl    ClassName: #32769    AutomationId:     Rect: (0,0,3840,2160)[3840x2160]    Name: 'Desktop 1'    Handle: 0x10010(65552)</msg>
<msg timestamp="20220909 18:33:18.040" level="DEBUG">active anchor = None</msg>
<msg timestamp="20220909 18:33:18.040" level="DEBUG">active window = None</msg>
<msg timestamp="20220909 18:33:18.041" level="DEBUG">resulting root = ControlType: PaneControl    ClassName: #32769    AutomationId:     Rect: (0,0,3840,2160)[3840x2160]    Name: 'Desktop 1'    Handle: 0x10010(65552)</msg>
<msg timestamp="20220909 18:33:18.041" level="INFO">Root element: &lt;uiautomation.uiautomation.PaneControl object at 0x0000026D74217888&gt;</msg>
<msg timestamp="20220909 18:33:18.041" level="INFO">Locator 'subname:"- Notepad" and type:WindowControl' produced matcher: MatchObject(locators=[('SubName', '- Notepad', 0), ('ControlType', 'WindowControl', 0)], _classes=set(), max_level=0)</msg>
<msg timestamp="20220909 18:33:18.147" level="INFO">Returning element: WindowsElement(item=&lt;uiautomation.uiautomation.WindowControl object at 0x0000026D74217808&gt;, locator='subname:"- Notepad" and type:WindowControl', name='best-win-auto.txt - Notepad', automation_id='', control_type='WindowControl', class_name='Notepad', left=258, right=3389, top=258, bottom=1529, width=3131, height=1271, xcenter=1823, ycenter=893)</msg>
<msg timestamp="20220909 18:33:19.175" level="TRACE">Return: WindowsElement(item=&lt;uiautomation.uiautomation.WindowControl object at 0x0000026D74217808&gt;, locator='subname:"- Notepad" and type:WindowControl', name='best-win-auto.txt - Notepad', automation_id='', control_type='WindowControl', class_name='Notepad', left=258, right=3389, top=258, bottom=1529, width=3131, height=1271, xcenter=1823, ycenter=893)</msg>
<status status="PASS" starttime="20220909 18:33:18.038" endtime="20220909 18:33:19.175"/>
</kw>
<kw name="Close Current Window" library="RPA.Windows" type="TEARDOWN">
<tag>window</tag>
<doc>Closes current active window or logs a warning message.</doc>
<msg timestamp="20220909 18:33:19.175" level="TRACE">Arguments: [  ]</msg>
<msg timestamp="20220909 18:33:19.177" level="INFO">Closing window with name: best-win-auto.txt - Notepad (PID: 27552)</msg>
<msg timestamp="20220909 18:33:19.178" level="TRACE">Return: True</msg>
<status status="PASS" starttime="20220909 18:33:19.175" endtime="20220909 18:33:19.179"/>
</kw>
<status status="PASS" starttime="20220909 18:32:55.725" endtime="20220909 18:33:19.179"/>
</test>
<status status="PASS" starttime="20220909 18:32:55.524" endtime="20220909 18:33:19.180"/>
</suite>
<status status="PASS" starttime="20220909 18:32:55.502" endtime="20220909 18:33:19.182"/>
</suite>
<statistics>
<total>
<stat pass="1" fail="0" skip="0">All Tests</stat>
</total>
<tag>
</tag>
<suite>
<stat pass="1" fail="0" skip="0" id="s1" name="Robot">Robot</stat>
<stat pass="1" fail="0" skip="0" id="s1-s1" name="Test Windows">Robot.Test Windows</stat>
</suite>
</statistics>
<errors>
</errors>
</robot>
